<?xml version="1.0" encoding="UTF-8"?>
<!-- Generated by org.testng.reporters.JUnitReportReporter -->
<testsuite hostname="SR-C02ZM0XQLVDQ" failures="0" tests="1" name="com.SpectrumReach_MS_Automation.Tests.Adportal_AutomationTest" time="0.005" errors="0" timestamp="2020-03-04T14:35:17 MST" skipped="0">
  <testcase classname="com.SpectrumReach_MS_Automation.Tests.Adportal_AutomationTest" name="sum" time="0.005"/>
  <system-out/>
</testsuite> <!-- com.SpectrumReach_MS_Automation.Tests.Adportal_AutomationTest -->
