<?xml version="1.0" encoding="UTF-8"?>
<!-- Generated by org.testng.reporters.JUnitReportReporter -->
<testsuite hostname="SR-C02ZM0XQLVDQ" failures="0" tests="1" name="cucmberTestNGTestRunner.Adportal_LogIn_001_TestRunner" time="5.138" errors="0" timestamp="2020-03-18T21:31:44 MDT" skipped="0">
  <testcase classname="cucmberTestNGTestRunner.Adportal_LogIn_001_TestRunner" name="feature" time="5.138"/>
</testsuite> <!-- cucmberTestNGTestRunner.Adportal_LogIn_001_TestRunner -->
