<?xml version="1.0" encoding="UTF-8"?>
<!-- Generated by org.testng.reporters.JUnitReportReporter -->
<testsuite hostname="SR-C02ZM0XQLVDQ" failures="0" tests="1" name="cucmberTestNGTestRunner.AdPortal_SSU_LogIn_SignUp_001_TestRunner" time="7.364" errors="0" timestamp="2020-03-20T12:30:47 MDT" skipped="0">
  <testcase classname="cucmberTestNGTestRunner.AdPortal_SSU_LogIn_SignUp_001_TestRunner" name="feature" time="7.364"/>
</testsuite> <!-- cucmberTestNGTestRunner.AdPortal_SSU_LogIn_SignUp_001_TestRunner -->
